<?xml version="1.0" encoding="UTF-8"?>
<!-- Generated by org.testng.reporters.JUnitXMLReporter -->
<testsuite ignored="0" hostname="DESKTOP-DHQ3SJK" failures="0" tests="2" name="Flight Finder Regression Suite" time="27.279" errors="0" timestamp="2022-11-04T10:24:33 IST">
  <testcase classname="Mercury.FlightFinderRegressionSuite" name="verifyDefaultSelectionFlightType" time="0.437"/>
  <testcase classname="Mercury.FlightFinderRegressionSuite" name="verifyDepartingFromValueSelection" time="0.499"/>
</testsuite> <!-- Flight Finder Regression Suite -->
