<?xml version="1.0" encoding="UTF-8"?>
<testng-results ignored="0" total="4" passed="4" failed="0" skipped="0">
  <reporter-output>
  </reporter-output>
  <suite started-at="2022-11-04T10:23:33 IST" name="Mercury Tours Regression Suite" finished-at="2022-11-04T10:24:33 IST" duration-ms="59299">
    <groups>
    </groups>
    <test started-at="2022-11-04T10:23:33 IST" name="Login Regression Suite" finished-at="2022-11-04T10:24:05 IST" duration-ms="31766">
      <class name="Mercury.LoginRegressionSuite">
        <test-method is-config="true" signature="appLaunch()[pri:0, instance:Mercury.LoginRegressionSuite@c88a337]" started-at="2022-11-04T10:23:34 IST" name="appLaunch" finished-at="2022-11-04T10:23:51 IST" duration-ms="17460" status="PASS">
          <reporter-output>
          </reporter-output>
        </test-method> <!-- appLaunch -->
        <test-method signature="verifyValidLogin()[pri:0, instance:Mercury.LoginRegressionSuite@c88a337]" started-at="2022-11-04T10:23:51 IST" name="verifyValidLogin" description="TC_001: Verifying valid login functionality" finished-at="2022-11-04T10:23:52 IST" duration-ms="505" status="PASS">
          <reporter-output>
          </reporter-output>
        </test-method> <!-- verifyValidLogin -->
        <test-method is-config="true" signature="appClose()[pri:0, instance:Mercury.LoginRegressionSuite@c88a337]" started-at="2022-11-04T10:23:52 IST" name="appClose" finished-at="2022-11-04T10:23:52 IST" duration-ms="655" status="PASS">
          <reporter-output>
          </reporter-output>
        </test-method> <!-- appClose -->
        <test-method is-config="true" signature="appLaunch()[pri:0, instance:Mercury.LoginRegressionSuite@c88a337]" started-at="2022-11-04T10:23:52 IST" name="appLaunch" finished-at="2022-11-04T10:24:04 IST" duration-ms="12102" status="PASS">
          <reporter-output>
          </reporter-output>
        </test-method> <!-- appLaunch -->
        <test-method signature="verifyInvalidLogin()[pri:1, instance:Mercury.LoginRegressionSuite@c88a337]" started-at="2022-11-04T10:24:04 IST" name="verifyInvalidLogin" description="TC_002: Verifying invalid login functionality" finished-at="2022-11-04T10:24:05 IST" duration-ms="362" status="PASS">
          <reporter-output>
          </reporter-output>
        </test-method> <!-- verifyInvalidLogin -->
        <test-method is-config="true" signature="appClose()[pri:0, instance:Mercury.LoginRegressionSuite@c88a337]" started-at="2022-11-04T10:24:05 IST" name="appClose" finished-at="2022-11-04T10:24:05 IST" duration-ms="557" status="PASS">
          <reporter-output>
          </reporter-output>
        </test-method> <!-- appClose -->
      </class> <!-- Mercury.LoginRegressionSuite -->
    </test> <!-- Login Regression Suite -->
    <test started-at="2022-11-04T10:24:05 IST" name="Flight Finder Regression Suite" finished-at="2022-11-04T10:24:33 IST" duration-ms="27279">
      <class name="Mercury.FlightFinderRegressionSuite">
        <test-method is-config="true" signature="appLaunch()[pri:0, instance:Mercury.FlightFinderRegressionSuite@3c77d488]" started-at="2022-11-04T10:24:05 IST" name="appLaunch" finished-at="2022-11-04T10:24:19 IST" duration-ms="13057" status="PASS">
          <reporter-output>
          </reporter-output>
        </test-method> <!-- appLaunch -->
        <test-method signature="verifyDefaultSelectionFlightType()[pri:0, instance:Mercury.FlightFinderRegressionSuite@3c77d488]" started-at="2022-11-04T10:24:19 IST" name="verifyDefaultSelectionFlightType" description="TC_001: Verifying default selection of flight type." finished-at="2022-11-04T10:24:19 IST" duration-ms="437" status="PASS">
          <reporter-output>
          </reporter-output>
        </test-method> <!-- verifyDefaultSelectionFlightType -->
        <test-method is-config="true" signature="closeApp()[pri:0, instance:Mercury.FlightFinderRegressionSuite@3c77d488]" started-at="2022-11-04T10:24:19 IST" name="closeApp" finished-at="2022-11-04T10:24:20 IST" duration-ms="557" status="PASS">
          <reporter-output>
          </reporter-output>
        </test-method> <!-- closeApp -->
        <test-method is-config="true" signature="appLaunch()[pri:0, instance:Mercury.FlightFinderRegressionSuite@3c77d488]" started-at="2022-11-04T10:24:20 IST" name="appLaunch" finished-at="2022-11-04T10:24:32 IST" duration-ms="12284" status="PASS">
          <reporter-output>
          </reporter-output>
        </test-method> <!-- appLaunch -->
        <test-method signature="verifyDepartingFromValueSelection()[pri:1, instance:Mercury.FlightFinderRegressionSuite@3c77d488]" started-at="2022-11-04T10:24:32 IST" name="verifyDepartingFromValueSelection" description="TC_002: Verifying departing from desired value selection." finished-at="2022-11-04T10:24:32 IST" duration-ms="499" status="PASS">
          <reporter-output>
          </reporter-output>
        </test-method> <!-- verifyDepartingFromValueSelection -->
        <test-method is-config="true" signature="closeApp()[pri:0, instance:Mercury.FlightFinderRegressionSuite@3c77d488]" started-at="2022-11-04T10:24:32 IST" name="closeApp" finished-at="2022-11-04T10:24:33 IST" duration-ms="427" status="PASS">
          <reporter-output>
          </reporter-output>
        </test-method> <!-- closeApp -->
      </class> <!-- Mercury.FlightFinderRegressionSuite -->
    </test> <!-- Flight Finder Regression Suite -->
  </suite> <!-- Mercury Tours Regression Suite -->
</testng-results>
